/scratch/jma819/CNMFE_filesForClusteringAnalysis/fenobam/
MATLAB is selecting SOFTWARE OPENGL rendering.

                            < M A T L A B (R) >
                  Copyright 1984-2023 The MathWorks, Inc.
             R2023b Update 7 (23.2.0.2515942) 64-bit (glnxa64)
                              January 30, 2024

 
To get started, type doc.
For product information, visit www.mathworks.com.
 
/scratch/jma819/CNMFE_filesForClusteringAnalysis/fenobam/
20220808_f977_fen02
/scratch/jma819/CNMFE_filesForClusteringAnalysis/analysisOutput/
loading data
{Error using readtable
Unable to find or open
'/scratch/jma819/CNMFE_filesForClusteringAnalysis/fenobam/20220808_f977_fen02_C_traces_filtered.csv'.
Check the path and filename or file permissions.

Error in mainScriptSciAnalysisPerSessionQuest (line 21)
cell_eg = readtable(strcat(dir_path,session,'_C_traces_filtered.csv'),'ReadVariableNames', true);

Error in run (line 99)
evalin('caller', strcat(script, ';'));
} 
slurmstepd: error: *** JOB 767294 ON qnode2114 CANCELLED AT 2024-09-19T16:07:56 ***
