/scratch/jma819/CNMFE_filesForClusteringAnalysis/dSPNs/
MATLAB is selecting SOFTWARE OPENGL rendering.

                            < M A T L A B (R) >
                  Copyright 1984-2023 The MathWorks, Inc.
             R2023b Update 7 (23.2.0.2515942) 64-bit (glnxa64)
                              January 30, 2024

 
To get started, type doc.
For product information, visit www.mathworks.com.
 
/scratch/jma819/CNMFE_filesForClusteringAnalysis/dSPNs/
DIO_r2_19_Day_3_13_54_25
/scratch/jma819/CNMFE_filesForClusteringAnalysis/analysisOutput/
loading data
[Warning: Column headers from the file were modified to make them valid MATLAB
identifiers before creating variable names for the table. The original column
headers are saved in the VariableDescriptions property.
Set 'VariableNamingRule' to 'preserve' to use the original column headers as
table variable names.] 
[Warning: Column headers from the file were modified to make them valid MATLAB
identifiers before creating variable names for the table. The original column
headers are saved in the VariableDescriptions property.
Set 'VariableNamingRule' to 'preserve' to use the original column headers as
table variable names.] 
finding signal peaks
calculating signal peaks...
=== manageParallelWorkers ===
# Physical Cores: 16
# Logical Cores: 16
User set cores: 
Max cores: 
# workers to open: 15
Starting parallel pool (parpool) using the 'local' profile ...
Connected to parallel pool with 15 workers.
===
13|19|25|31|38|44|50|56|63|69|75|81|88|94|100
106|padding signal peaks
Elapsed time: 388.3787 seconds
    10

    20

    30

    40

    50

    60

    70

    80

    90

   100

   110

   120

   130

   140

   150

   160

   170

   180

   190

   200

   210

   220

   230

   240

   250

   260

   270

   280

   290

   300

   310

   320

   330

   340

   350

   360

   370

   380

   390

   400

   410

   420

   430

   440

   450

   460

   470

   480

   490

   500

   510

   520

   530

   540

   550

   560

   570

   580

   590

   600

   610

   620

   630

   640

   650

   660

   670

   680

   690

   700

   710

   720

   730

   740

   750

   760

   770

   780

   790

   800

   810

   820

   830

   840

   850

   860

   870

   880

   890

   900

   910

   920

   930

   940

   950

   960

   970

   980

   990

        1000

        1010

        1020

        1030

        1040

        1050

        1060

        1070

        1080

        1090

        1100

        1110

        1120

        1130

        1140

        1150

        1160

        1170

        1180

        1190

        1200

        1210

        1220

        1230

        1240

        1250

        1260

        1270

        1280

        1290

        1300

        1310

        1320

        1330

        1340

        1350

        1360

        1370

        1380

        1390

        1400

        1410

        1420

        1430

        1440

        1450

        1460

        1470

        1480

        1490

        1500

        1510

        1520

        1530

        1540

        1550

        1560

        1570

        1580

        1590

        1600

        1610

        1620

        1630

        1640

        1650

        1660

        1670

        1680

        1690

        1700

        1710

        1720

        1730

        1740

        1750

        1760

        1770

        1780

        1790

        1800

        1810

        1820

        1830

        1840

        1850

        1860

        1870

        1880

        1890

        1900

        1910

        1920

        1930

        1940

        1950

        1960

Elapsed time is 263.757898 seconds.
   100

   200

   300

   400

   500

   600

   700

   800

   900

        1000

        1100

        1200

        1300

        1400

        1500

        1600

        1700

        1800

        1900

Elapsed time is 530.517095 seconds.
Parallel pool using the 'Processes' profile is shutting down.
